TN:
SF:/Users/patrick/Sites/taskmastr/public/helper-utilities/default-list.js
FN:15,_interopRequireDefault
FNF:1
FNH:1
FNDA:2,_interopRequireDefault
DA:0,2
LF:1
LH:1
BRDA:15,1,0,0
BRDA:15,1,1,2
BRDA:15,2,0,2
BRDA:15,2,1,2
BRF:4
BRH:4
end_of_record
TN:
SF:/Users/patrick/Sites/taskmastr/public/store/mutations/list-mutations.js
FN:20,_interopRequireDefault
FN:22,(anonymous_2)
FN:26,(anonymous_3)
FN:28,(anonymous_4)
FN:30,(anonymous_5)
FN:32,(anonymous_6)
FN:34,(anonymous_7)
FN:36,(anonymous_8)
FNF:8
FNH:8
FNDA:2,_interopRequireDefault
FNDA:1,(anonymous_2)
FNDA:1,(anonymous_3)
FNDA:1,(anonymous_4)
FNDA:1,(anonymous_5)
FNDA:1,(anonymous_6)
FNDA:2,(anonymous_7)
FNDA:2,(anonymous_8)
DA:0,2
DA:4,1
DA:6,1
DA:7,1
DA:8,1
DA:11,1
DA:14,1
DA:17,1
DA:20,1
DA:23,2
DA:26,2
DA:27,2
LF:12
LH:12
BRDA:20,1,0,1
BRDA:20,1,1,1
BRDA:20,2,0,2
BRDA:20,2,1,2
BRF:4
BRH:4
end_of_record
TN:
SF:/Users/patrick/Sites/taskmastr/public/store/mutation-types.js
FNF:0
FNH:0
DA:0,1
DA:1,1
DA:2,1
DA:3,1
DA:4,1
DA:5,1
DA:6,1
DA:7,1
DA:8,1
DA:9,1
DA:10,1
DA:11,1
DA:12,1
DA:13,1
DA:14,1
DA:15,1
DA:16,1
DA:17,1
DA:18,1
DA:19,1
DA:20,1
DA:21,1
DA:22,1
DA:23,1
DA:24,1
DA:25,1
DA:26,1
DA:27,1
DA:28,1
DA:29,1
DA:30,1
DA:31,1
DA:32,1
DA:33,1
DA:34,1
DA:35,1
DA:36,1
DA:37,1
DA:38,1
DA:39,1
LF:40
LH:40
BRF:0
BRH:0
end_of_record
TN:
SF:/Users/patrick/Sites/taskmastr/public/store/mutations/task-mutations.js
FN:20,_interopRequireDefault
FN:22,(anonymous_2)
FN:25,(anonymous_3)
FN:27,(anonymous_4)
FN:29,(anonymous_5)
FN:31,(anonymous_6)
FN:33,(anonymous_7)
FN:35,(anonymous_8)
FN:37,(anonymous_9)
FN:39,(anonymous_10)
FN:41,(anonymous_11)
FN:44,(anonymous_12)
FN:46,(anonymous_13)
FNF:13
FNH:13
FNDA:2,_interopRequireDefault
FNDA:1,(anonymous_2)
FNDA:1,(anonymous_3)
FNDA:1,(anonymous_4)
FNDA:1,(anonymous_5)
FNDA:2,(anonymous_6)
FNDA:2,(anonymous_7)
FNDA:2,(anonymous_8)
FNDA:2,(anonymous_9)
FNDA:2,(anonymous_10)
FNDA:2,(anonymous_11)
FNDA:2,(anonymous_12)
FNDA:2,(anonymous_13)
DA:0,2
DA:4,1
DA:6,1
DA:7,1
DA:10,1
DA:13,1
DA:16,1
DA:19,2
DA:22,2
DA:25,2
DA:28,2
DA:31,2
DA:34,2
DA:35,2
DA:38,2
DA:41,2
LF:16
LH:16
BRDA:20,1,0,1
BRDA:20,1,1,1
BRDA:20,2,0,2
BRDA:20,2,1,2
BRF:4
BRH:4
end_of_record
TN:
SF:/Users/patrick/Sites/taskmastr/public/store/mutations/user-mutations.js
FN:20,_interopRequireDefault
FN:22,(anonymous_2)
FN:24,(anonymous_3)
FN:26,(anonymous_4)
FN:28,(anonymous_5)
FN:30,(anonymous_6)
FN:32,(anonymous_7)
FN:34,(anonymous_8)
FN:36,(anonymous_9)
FN:38,(anonymous_10)
FN:40,(anonymous_11)
FN:42,(anonymous_12)
FN:44,(anonymous_13)
FN:46,(anonymous_14)
FN:48,(anonymous_15)
FN:50,(anonymous_16)
FN:52,(anonymous_17)
FN:54,(anonymous_18)
FN:56,(anonymous_19)
FN:58,(anonymous_20)
FN:60,(anonymous_21)
FNF:21
FNH:21
FNDA:2,_interopRequireDefault
FNDA:1,(anonymous_2)
FNDA:1,(anonymous_3)
FNDA:4,(anonymous_4)
FNDA:1,(anonymous_5)
FNDA:1,(anonymous_6)
FNDA:1,(anonymous_7)
FNDA:1,(anonymous_8)
FNDA:1,(anonymous_9)
FNDA:1,(anonymous_10)
FNDA:1,(anonymous_11)
FNDA:1,(anonymous_12)
FNDA:1,(anonymous_13)
FNDA:1,(anonymous_14)
FNDA:1,(anonymous_15)
FNDA:1,(anonymous_16)
FNDA:1,(anonymous_17)
FNDA:1,(anonymous_18)
FNDA:1,(anonymous_19)
FNDA:1,(anonymous_20)
FNDA:1,(anonymous_21)
DA:0,2
DA:4,1
DA:6,1
DA:9,1
DA:12,4
DA:15,1
DA:18,1
DA:21,1
DA:24,1
DA:27,1
DA:30,1
DA:33,1
DA:36,1
DA:39,1
DA:42,1
DA:45,1
DA:48,1
DA:51,1
DA:54,1
DA:57,1
DA:60,1
DA:63,1
LF:22
LH:22
BRDA:20,1,0,1
BRDA:20,1,1,1
BRDA:20,2,0,2
BRDA:20,2,1,2
BRF:4
BRH:4
end_of_record
TN:
SF:/Users/patrick/Sites/taskmastr/public/services/user-services.js
FN:18,_interopRequireDefault
FN:20,login
FN:33,(anonymous_3)
FN:37,(anonymous_4)
FN:42,create
FN:55,(anonymous_6)
FN:57,(anonymous_7)
FN:62,forgot
FN:73,(anonymous_9)
FN:75,(anonymous_10)
FN:80,reset
FN:92,(anonymous_12)
FN:100,(anonymous_13)
FN:105,logout
FN:109,(anonymous_15)
FN:114,getSession
FN:118,(anonymous_17)
FN:121,(anonymous_18)
FN:126,save
FN:138,(anonymous_20)
FNF:20
FNH:8
FNDA:1,_interopRequireDefault
FNDA:1,login
FNDA:0,(anonymous_3)
FNDA:0,(anonymous_4)
FNDA:1,create
FNDA:0,(anonymous_6)
FNDA:0,(anonymous_7)
FNDA:1,forgot
FNDA:0,(anonymous_9)
FNDA:0,(anonymous_10)
FNDA:1,reset
FNDA:0,(anonymous_12)
FNDA:0,(anonymous_13)
FNDA:1,logout
FNDA:0,(anonymous_15)
FNDA:1,getSession
FNDA:0,(anonymous_17)
FNDA:0,(anonymous_18)
FNDA:1,save
FNDA:0,(anonymous_20)
DA:0,1
DA:1,1
DA:2,1
DA:16,0
DA:17,0
DA:18,0
DA:21,0
DA:25,1
DA:26,1
DA:41,0
DA:45,1
DA:46,1
DA:59,0
DA:63,1
DA:64,1
DA:77,0
DA:78,0
DA:83,0
DA:86,0
DA:90,1
DA:91,1
DA:96,0
DA:100,1
DA:101,1
DA:106,0
DA:107,0
DA:110,0
DA:114,1
DA:115,1
DA:128,0
LF:30
LH:15
BRDA:18,1,0,1
BRDA:18,1,1,0
BRDA:18,2,0,1
BRDA:18,2,1,1
BRDA:34,3,0,0
BRDA:34,3,1,0
BRDA:35,4,0,0
BRDA:35,4,1,0
BRDA:93,5,0,0
BRDA:93,5,1,0
BRDA:119,6,0,0
BRDA:119,6,1,0
BRF:12
BRH:4
end_of_record
TN:
SF:/Users/patrick/Sites/taskmastr/public/store/actions.js
FN:25,_interopRequireDefault
FN:52,setDarkmode
FN:56,getSession
FN:57,(anonymous_4)
FN:76,loginUser
FN:78,(anonymous_6)
FN:95,createUser
FN:97,(anonymous_8)
FN:108,forgotPassword
FN:110,(anonymous_10)
FN:114,resetPassword
FN:116,(anonymous_12)
FN:124,logout
FN:125,(anonymous_14)
FN:129,save
FN:139,(anonymous_16)
FN:153,addTask
FN:157,removeTask
FN:161,setTaskComplete
FN:165,deleteTask
FN:169,(anonymous_21)
FN:193,completeTask
FN:201,sortTasks
FN:205,setDueDateDifference
FN:222,addList
FN:226,removeList
FN:230,deleteList
FN:235,(anonymous_28)
FN:251,(anonymous_29)
FN:267,sortLists
FNF:30
FNH:14
FNDA:72,_interopRequireDefault
FNDA:2,setDarkmode
FNDA:2,getSession
FNDA:2,(anonymous_4)
FNDA:4,loginUser
FNDA:3,(anonymous_6)
FNDA:2,createUser
FNDA:1,(anonymous_8)
FNDA:2,forgotPassword
FNDA:1,(anonymous_10)
FNDA:3,resetPassword
FNDA:2,(anonymous_12)
FNDA:0,logout
FNDA:0,(anonymous_14)
FNDA:2,save
FNDA:2,(anonymous_16)
FNDA:0,addTask
FNDA:0,removeTask
FNDA:0,setTaskComplete
FNDA:0,deleteTask
FNDA:0,(anonymous_21)
FNDA:0,completeTask
FNDA:0,sortTasks
FNDA:0,setDueDateDifference
FNDA:0,addList
FNDA:0,removeList
FNDA:0,deleteList
FNDA:0,(anonymous_28)
FNDA:0,(anonymous_29)
FNDA:0,sortLists
DA:0,72
DA:7,18
DA:33,2
DA:34,2
DA:37,2
DA:38,2
DA:39,1
DA:45,1
DA:46,1
DA:47,1
DA:48,1
DA:49,1
DA:50,1
DA:53,1
DA:54,1
DA:55,1
DA:59,4
DA:60,3
DA:61,3
DA:62,2
DA:63,1
DA:65,1
DA:66,1
DA:67,1
DA:68,1
DA:69,1
DA:70,1
DA:71,1
DA:74,1
DA:75,1
DA:76,1
DA:80,2
DA:81,1
DA:82,1
DA:83,1
DA:84,1
DA:85,1
DA:86,1
DA:87,1
DA:88,1
DA:89,1
DA:93,2
DA:94,1
DA:95,1
DA:99,3
DA:100,2
DA:101,2
DA:102,1
DA:104,1
DA:105,1
DA:109,0
DA:110,0
DA:113,2
DA:114,2
DA:121,0
DA:122,2
DA:123,2
DA:124,2
DA:125,1
DA:138,0
DA:139,0
DA:142,0
DA:143,0
DA:146,0
DA:147,0
DA:150,0
DA:151,0
DA:152,0
DA:153,0
DA:154,0
DA:155,0
DA:156,0
DA:157,0
DA:158,0
DA:160,0
DA:163,0
DA:164,0
DA:165,0
DA:166,0
DA:167,0
DA:169,0
DA:170,0
DA:172,0
DA:173,0
DA:174,0
DA:178,0
DA:179,0
DA:180,0
DA:183,0
DA:184,0
DA:185,0
DA:188,0
DA:189,0
DA:192,0
DA:193,0
DA:194,0
DA:196,0
DA:197,0
DA:198,0
DA:199,0
DA:208,0
DA:209,0
DA:212,0
DA:213,0
DA:216,0
DA:217,0
DA:218,0
DA:219,0
DA:220,0
DA:221,0
DA:222,0
DA:225,0
DA:226,0
DA:227,0
DA:229,0
DA:230,0
DA:231,0
DA:233,0
DA:236,0
DA:237,0
DA:239,0
DA:240,0
DA:241,0
DA:242,0
DA:244,0
DA:245,0
DA:247,0
DA:248,0
DA:249,0
DA:253,0
DA:254,0
LF:131
LH:56
BRDA:25,1,0,36
BRDA:25,1,1,36
BRDA:25,2,0,72
BRDA:25,2,1,72
BRDA:58,3,0,1
BRDA:58,3,1,1
BRDA:59,4,0,1
BRDA:59,4,1,0
BRDA:64,5,0,1
BRDA:64,5,1,0
BRDA:70,6,0,0
BRDA:70,6,1,1
BRDA:77,7,0,1
BRDA:77,7,1,3
BRDA:79,8,0,2
BRDA:79,8,1,1
BRDA:80,9,0,1
BRDA:80,9,1,1
BRDA:81,10,0,1
BRDA:81,10,1,0
BRDA:83,11,0,1
BRDA:83,11,1,0
BRDA:89,12,0,0
BRDA:89,12,1,1
BRDA:96,13,0,1
BRDA:96,13,1,1
BRDA:109,14,0,1
BRDA:109,14,1,1
BRDA:111,15,0,1
BRDA:111,15,1,0
BRDA:115,16,0,1
BRDA:115,16,1,2
BRDA:117,17,0,1
BRDA:117,17,1,1
BRDA:118,18,0,1
BRDA:118,18,1,0
BRDA:137,19,0,0
BRDA:137,19,1,2
BRDA:140,20,0,1
BRDA:140,20,1,1
BRDA:168,21,0,0
BRDA:168,21,1,0
BRDA:172,22,0,0
BRDA:172,22,1,0
BRDA:173,23,0,0
BRDA:173,23,1,0
BRDA:173,24,0,0
BRDA:173,24,1,0
BRDA:195,25,0,0
BRDA:195,25,1,0
BRDA:196,26,0,0
BRDA:196,26,1,0
BRDA:206,27,0,0
BRDA:206,27,1,0
BRDA:232,28,0,0
BRDA:232,28,1,0
BRDA:234,29,0,0
BRDA:234,29,1,0
BRDA:239,30,0,0
BRDA:239,30,1,0
BRDA:244,31,0,0
BRDA:244,31,1,0
BRDA:245,32,0,0
BRDA:245,32,1,0
BRDA:245,33,0,0
BRDA:245,33,1,0
BRF:66
BRH:31
end_of_record
TN:
SF:/Users/patrick/Sites/taskmastr/public/helper-utilities/map-tasks.js
FN:7,(anonymous_1)
FN:13,(anonymous_2)
FN:42,_interopRequireDefault
FNF:3
FNH:3
FNDA:4,(anonymous_1)
FNDA:4,(anonymous_2)
FNDA:3,_interopRequireDefault
DA:0,3
DA:6,4
DA:12,4
LF:3
LH:3
BRDA:9,1,0,4
BRDA:9,1,1,0
BRDA:9,1,2,0
BRDA:15,2,0,4
BRDA:15,2,1,0
BRDA:19,3,0,4
BRDA:19,3,1,0
BRDA:20,4,0,4
BRDA:20,4,1,0
BRDA:21,5,0,4
BRDA:21,5,1,4
BRDA:42,6,0,0
BRDA:42,6,1,3
BRDA:42,7,0,3
BRDA:42,7,1,3
BRF:15
BRH:10
end_of_record
TN:
SF:/Users/patrick/Sites/taskmastr/public/store/mutations.js
FNF:0
FNH:0
DA:0,1
LF:1
LH:1
BRF:0
BRH:0
end_of_record
TN:
SF:/Users/patrick/Sites/taskmastr/public/store/store.js
FN:27,_interopRequireDefault
FNF:1
FNH:1
FNDA:5,_interopRequireDefault
DA:0,5
DA:7,1
LF:2
LH:2
BRDA:27,1,0,4
BRDA:27,1,1,1
BRDA:27,2,0,5
BRDA:27,2,1,5
BRF:4
BRH:4
end_of_record
TN:
SF:/Users/patrick/Sites/taskmastr/public/helper-utilities/placeholders.js
FNF:0
FNH:0
DA:0,1
LF:1
LH:1
BRF:0
BRH:0
end_of_record
