TN:
SF:/Users/pfricano/Sites/taskmastr/test/index.js
FNF:0
FNH:0
DA:3,1
DA:4,1
DA:7,1
DA:8,1
LF:4
LH:4
BRF:0
BRH:0
end_of_record
TN:
SF:/Users/pfricano/Sites/taskmastr/test/list-mutations.spec.js
FN:9,_interopRequireDefault
FN:14,(anonymous_2)
FN:15,(anonymous_3)
FN:34,(anonymous_4)
FN:44,(anonymous_5)
FN:68,(anonymous_6)
FN:87,(anonymous_7)
FN:97,(anonymous_8)
FN:121,(anonymous_9)
FNF:9
FNH:9
FNDA:1,_interopRequireDefault
FNDA:1,(anonymous_2)
FNDA:1,(anonymous_3)
FNDA:1,(anonymous_4)
FNDA:1,(anonymous_5)
FNDA:1,(anonymous_6)
FNDA:1,(anonymous_7)
FNDA:1,(anonymous_8)
FNDA:1,(anonymous_9)
DA:0,1
DA:5,1
DA:6,1
DA:7,1
DA:8,1
DA:23,1
DA:25,1
DA:26,1
DA:29,1
DA:30,1
DA:34,1
DA:36,1
DA:39,1
DA:40,1
DA:54,1
DA:59,1
DA:61,1
DA:62,1
DA:63,1
DA:66,1
DA:67,1
DA:82,1
DA:84,1
DA:85,1
DA:88,1
DA:89,1
DA:93,1
DA:95,1
DA:98,1
DA:99,1
DA:116,1
DA:118,1
DA:120,1
DA:122,1
DA:125,1
DA:126,1
DA:148,1
DA:150,1
DA:151,1
DA:152,1
DA:154,1
DA:156,1
DA:157,1
DA:158,1
LF:44
LH:44
BRDA:9,1,0,0
BRDA:9,1,1,1
BRDA:9,2,0,1
BRDA:9,2,1,1
BRF:4
BRH:4
end_of_record
TN:
SF:/Users/pfricano/Sites/taskmastr/public/store/mutations/list-mutations.js
FN:20,_interopRequireDefault
FN:22,(anonymous_2)
FN:26,(anonymous_3)
FN:28,(anonymous_4)
FN:30,(anonymous_5)
FN:32,(anonymous_6)
FN:34,(anonymous_7)
FN:36,(anonymous_8)
FNF:8
FNH:8
FNDA:2,_interopRequireDefault
FNDA:1,(anonymous_2)
FNDA:1,(anonymous_3)
FNDA:1,(anonymous_4)
FNDA:1,(anonymous_5)
FNDA:1,(anonymous_6)
FNDA:2,(anonymous_7)
FNDA:2,(anonymous_8)
DA:0,2
DA:4,1
DA:6,1
DA:7,1
DA:8,1
DA:11,1
DA:14,1
DA:17,1
DA:20,1
DA:23,2
DA:26,2
DA:27,2
LF:12
LH:12
BRDA:20,1,0,1
BRDA:20,1,1,1
BRDA:20,2,0,2
BRDA:20,2,1,2
BRF:4
BRH:4
end_of_record
TN:
SF:/Users/pfricano/Sites/taskmastr/public/store/mutation-types.js
FNF:0
FNH:0
DA:0,1
DA:1,1
DA:2,1
DA:3,1
DA:4,1
DA:5,1
DA:6,1
DA:7,1
DA:8,1
DA:9,1
DA:10,1
DA:11,1
DA:12,1
DA:13,1
DA:14,1
DA:15,1
DA:16,1
DA:17,1
DA:18,1
DA:19,1
DA:20,1
DA:21,1
DA:22,1
DA:23,1
DA:24,1
DA:25,1
DA:26,1
DA:27,1
DA:28,1
DA:29,1
DA:30,1
DA:31,1
DA:32,1
DA:33,1
DA:34,1
DA:35,1
DA:36,1
DA:37,1
DA:38,1
DA:39,1
LF:40
LH:40
BRF:0
BRH:0
end_of_record
TN:
SF:/Users/pfricano/Sites/taskmastr/test/task-mutations.spec.js
FN:9,_interopRequireDefault
FN:14,(anonymous_2)
FN:15,(anonymous_3)
FN:38,(anonymous_4)
FN:66,(anonymous_5)
FN:89,(anonymous_6)
FN:99,(anonymous_7)
FN:127,(anonymous_8)
FN:153,(anonymous_9)
FN:182,(anonymous_10)
FN:208,(anonymous_11)
FN:235,(anonymous_12)
FN:268,(anonymous_13)
FN:296,(anonymous_14)
FNF:14
FNH:14
FNDA:1,_interopRequireDefault
FNDA:1,(anonymous_2)
FNDA:1,(anonymous_3)
FNDA:1,(anonymous_4)
FNDA:1,(anonymous_5)
FNDA:1,(anonymous_6)
FNDA:1,(anonymous_7)
FNDA:1,(anonymous_8)
FNDA:1,(anonymous_9)
FNDA:1,(anonymous_10)
FNDA:1,(anonymous_11)
FNDA:1,(anonymous_12)
FNDA:1,(anonymous_13)
FNDA:1,(anonymous_14)
DA:0,1
DA:5,1
DA:6,1
DA:7,1
DA:8,1
DA:27,1
DA:29,1
DA:30,1
DA:33,1
DA:34,1
DA:52,1
DA:57,1
DA:59,1
DA:60,1
DA:61,1
DA:64,1
DA:65,1
DA:84,1
DA:86,1
DA:87,1
DA:90,1
DA:91,1
DA:95,1
DA:97,1
DA:100,1
DA:101,1
DA:122,1
DA:124,1
DA:126,1
DA:128,1
DA:131,1
DA:132,1
DA:151,1
DA:153,1
DA:155,1
DA:157,1
DA:160,1
DA:161,1
DA:162,1
DA:183,1
DA:185,1
DA:187,1
DA:189,1
DA:192,1
DA:193,1
DA:215,1
DA:216,1
DA:218,1
DA:221,1
DA:222,1
DA:244,1
DA:245,1
DA:247,1
DA:248,1
DA:251,1
DA:252,1
DA:275,1
DA:277,1
DA:278,1
DA:279,1
DA:281,1
DA:283,1
DA:284,1
DA:285,1
DA:288,1
DA:289,1
DA:310,1
DA:312,1
DA:314,1
DA:316,1
DA:319,1
DA:320,1
DA:343,1
DA:345,1
DA:347,1
DA:349,1
LF:76
LH:76
BRDA:9,1,0,0
BRDA:9,1,1,1
BRDA:9,2,0,1
BRDA:9,2,1,1
BRF:4
BRH:4
end_of_record
TN:
SF:/Users/pfricano/Sites/taskmastr/public/store/mutations/task-mutations.js
FN:20,_interopRequireDefault
FN:22,(anonymous_2)
FN:25,(anonymous_3)
FN:27,(anonymous_4)
FN:29,(anonymous_5)
FN:31,(anonymous_6)
FN:33,(anonymous_7)
FN:35,(anonymous_8)
FN:37,(anonymous_9)
FN:39,(anonymous_10)
FN:41,(anonymous_11)
FN:44,(anonymous_12)
FN:46,(anonymous_13)
FNF:13
FNH:13
FNDA:2,_interopRequireDefault
FNDA:1,(anonymous_2)
FNDA:1,(anonymous_3)
FNDA:1,(anonymous_4)
FNDA:1,(anonymous_5)
FNDA:2,(anonymous_6)
FNDA:2,(anonymous_7)
FNDA:2,(anonymous_8)
FNDA:2,(anonymous_9)
FNDA:2,(anonymous_10)
FNDA:2,(anonymous_11)
FNDA:2,(anonymous_12)
FNDA:2,(anonymous_13)
DA:0,2
DA:4,1
DA:6,1
DA:7,1
DA:10,1
DA:13,1
DA:16,1
DA:19,2
DA:22,2
DA:25,2
DA:28,2
DA:31,2
DA:34,2
DA:35,2
DA:38,2
DA:41,2
LF:16
LH:16
BRDA:20,1,0,1
BRDA:20,1,1,1
BRDA:20,2,0,2
BRDA:20,2,1,2
BRF:4
BRH:4
end_of_record
TN:
SF:/Users/pfricano/Sites/taskmastr/test/test.spec.js
FN:7,_interopRequireDefault
FN:11,(anonymous_2)
FN:12,(anonymous_3)
FNF:3
FNH:3
FNDA:1,_interopRequireDefault
FNDA:1,(anonymous_2)
FNDA:1,(anonymous_3)
DA:0,1
DA:4,1
DA:5,1
DA:6,1
DA:7,1
DA:8,1
LF:6
LH:6
BRDA:7,1,0,0
BRDA:7,1,1,1
BRDA:7,2,0,1
BRDA:7,2,1,1
BRF:4
BRH:4
end_of_record
TN:
SF:/Users/pfricano/Sites/taskmastr/test/user-mutations.spec.js
FN:9,_interopRequireDefault
FN:14,(anonymous_2)
FN:15,(anonymous_3)
FN:25,(anonymous_4)
FN:35,(anonymous_5)
FN:54,(anonymous_6)
FN:72,(anonymous_7)
FN:90,(anonymous_8)
FN:108,(anonymous_9)
FN:126,(anonymous_10)
FN:155,(anonymous_11)
FN:176,(anonymous_12)
FN:199,(anonymous_13)
FN:224,(anonymous_14)
FN:251,(anonymous_15)
FN:280,(anonymous_16)
FN:310,(anonymous_17)
FN:343,(anonymous_18)
FNF:18
FNH:18
FNDA:1,_interopRequireDefault
FNDA:1,(anonymous_2)
FNDA:1,(anonymous_3)
FNDA:1,(anonymous_4)
FNDA:1,(anonymous_5)
FNDA:1,(anonymous_6)
FNDA:1,(anonymous_7)
FNDA:1,(anonymous_8)
FNDA:1,(anonymous_9)
FNDA:1,(anonymous_10)
FNDA:1,(anonymous_11)
FNDA:1,(anonymous_12)
FNDA:1,(anonymous_13)
FNDA:1,(anonymous_14)
FNDA:1,(anonymous_15)
FNDA:1,(anonymous_16)
FNDA:1,(anonymous_17)
FNDA:1,(anonymous_18)
DA:0,1
DA:5,1
DA:6,1
DA:7,1
DA:8,1
DA:12,1
DA:14,1
DA:17,1
DA:18,1
DA:22,1
DA:24,1
DA:27,1
DA:28,1
DA:33,1
DA:34,1
DA:36,1
DA:37,1
DA:39,1
DA:40,1
DA:42,1
DA:43,1
DA:46,1
DA:47,1
DA:56,1
DA:58,1
DA:59,1
DA:60,1
DA:61,1
DA:64,1
DA:65,1
DA:74,1
DA:76,1
DA:77,1
DA:78,1
DA:79,1
DA:82,1
DA:83,1
DA:92,1
DA:94,1
DA:95,1
DA:96,1
DA:97,1
DA:100,1
DA:101,1
DA:110,1
DA:112,1
DA:113,1
DA:114,1
DA:115,1
DA:118,1
DA:119,1
DA:128,1
DA:139,1
DA:141,1
DA:142,1
DA:143,1
DA:144,1
DA:145,1
DA:146,1
DA:147,1
DA:150,1
DA:151,1
DA:162,1
DA:164,1
DA:165,1
DA:166,1
DA:167,1
DA:168,1
DA:171,1
DA:172,1
DA:184,1
DA:186,1
DA:187,1
DA:188,1
DA:189,1
DA:190,1
DA:191,1
DA:194,1
DA:195,1
DA:208,1
DA:210,1
DA:211,1
DA:212,1
DA:213,1
DA:214,1
DA:215,1
DA:216,1
DA:219,1
DA:220,1
DA:234,1
DA:236,1
DA:237,1
DA:238,1
DA:239,1
DA:240,1
DA:241,1
DA:242,1
DA:243,1
DA:246,1
DA:247,1
DA:262,1
DA:264,1
DA:265,1
DA:266,1
DA:267,1
DA:268,1
DA:269,1
DA:270,1
DA:271,1
DA:272,1
DA:275,1
DA:276,1
DA:291,1
DA:293,1
DA:294,1
DA:295,1
DA:296,1
DA:297,1
DA:298,1
DA:299,1
DA:300,1
DA:301,1
DA:302,1
DA:305,1
DA:306,1
DA:323,1
DA:325,1
DA:326,1
DA:327,1
DA:328,1
DA:329,1
DA:330,1
DA:331,1
DA:332,1
DA:333,1
DA:334,1
DA:335,1
DA:338,1
DA:339,1
DA:357,1
DA:359,1
DA:360,1
DA:361,1
DA:362,1
DA:363,1
DA:364,1
DA:365,1
DA:366,1
DA:367,1
DA:368,1
DA:369,1
DA:370,1
LF:152
LH:152
BRDA:9,1,0,0
BRDA:9,1,1,1
BRDA:9,2,0,1
BRDA:9,2,1,1
BRF:4
BRH:4
end_of_record
TN:
SF:/Users/pfricano/Sites/taskmastr/public/store/mutations/user-mutations.js
FN:20,_interopRequireDefault
FN:22,(anonymous_2)
FN:24,(anonymous_3)
FN:26,(anonymous_4)
FN:29,(anonymous_5)
FN:31,(anonymous_6)
FN:33,(anonymous_7)
FN:35,(anonymous_8)
FN:37,(anonymous_9)
FN:39,(anonymous_10)
FN:41,(anonymous_11)
FN:43,(anonymous_12)
FN:45,(anonymous_13)
FN:47,(anonymous_14)
FN:49,(anonymous_15)
FN:51,(anonymous_16)
FN:53,(anonymous_17)
FN:55,(anonymous_18)
FN:57,(anonymous_19)
FN:59,(anonymous_20)
FN:61,(anonymous_21)
FNF:21
FNH:17
FNDA:2,_interopRequireDefault
FNDA:1,(anonymous_2)
FNDA:1,(anonymous_3)
FNDA:4,(anonymous_4)
FNDA:1,(anonymous_5)
FNDA:1,(anonymous_6)
FNDA:1,(anonymous_7)
FNDA:1,(anonymous_8)
FNDA:1,(anonymous_9)
FNDA:1,(anonymous_10)
FNDA:1,(anonymous_11)
FNDA:1,(anonymous_12)
FNDA:1,(anonymous_13)
FNDA:1,(anonymous_14)
FNDA:1,(anonymous_15)
FNDA:1,(anonymous_16)
FNDA:1,(anonymous_17)
FNDA:0,(anonymous_18)
FNDA:0,(anonymous_19)
FNDA:0,(anonymous_20)
FNDA:0,(anonymous_21)
DA:0,2
DA:4,1
DA:6,1
DA:9,1
DA:13,4
DA:16,1
DA:19,1
DA:22,1
DA:25,1
DA:28,1
DA:31,1
DA:34,1
DA:37,1
DA:40,1
DA:43,1
DA:46,1
DA:49,1
DA:52,1
DA:55,0
DA:58,0
DA:61,0
DA:64,0
LF:22
LH:18
BRDA:20,1,0,1
BRDA:20,1,1,1
BRDA:20,2,0,2
BRDA:20,2,1,2
BRF:4
BRH:4
end_of_record
TN:
SF:/Users/pfricano/Sites/taskmastr/public/store/actions.js
FN:25,_interopRequireDefault
FN:52,setDarkmode
FN:56,getSession
FN:57,(anonymous_4)
FN:76,loginUser
FN:78,(anonymous_6)
FN:95,createUser
FN:97,(anonymous_8)
FN:107,forgotPassword
FN:109,(anonymous_10)
FN:113,resetPassword
FN:115,(anonymous_12)
FN:122,logout
FN:123,(anonymous_14)
FN:127,save
FN:137,(anonymous_16)
FN:151,addTask
FN:155,removeTask
FN:159,setTaskComplete
FN:163,deleteTask
FN:167,(anonymous_21)
FN:191,completeTask
FN:199,sortTasks
FN:203,setDueDateDifference
FN:220,addList
FN:224,removeList
FN:228,deleteList
FN:233,(anonymous_28)
FN:249,(anonymous_29)
FN:265,sortLists
FNF:30
FNH:1
FNDA:4,_interopRequireDefault
FNDA:0,setDarkmode
FNDA:0,getSession
FNDA:0,(anonymous_4)
FNDA:0,loginUser
FNDA:0,(anonymous_6)
FNDA:0,createUser
FNDA:0,(anonymous_8)
FNDA:0,forgotPassword
FNDA:0,(anonymous_10)
FNDA:0,resetPassword
FNDA:0,(anonymous_12)
FNDA:0,logout
FNDA:0,(anonymous_14)
FNDA:0,save
FNDA:0,(anonymous_16)
FNDA:0,addTask
FNDA:0,removeTask
FNDA:0,setTaskComplete
FNDA:0,deleteTask
FNDA:0,(anonymous_21)
FNDA:0,completeTask
FNDA:0,sortTasks
FNDA:0,setDueDateDifference
FNDA:0,addList
FNDA:0,removeList
FNDA:0,deleteList
FNDA:0,(anonymous_28)
FNDA:0,(anonymous_29)
FNDA:0,sortLists
DA:0,4
DA:7,1
DA:33,0
DA:34,0
DA:37,0
DA:38,0
DA:39,0
DA:40,0
DA:46,0
DA:47,0
DA:48,0
DA:49,0
DA:50,0
DA:51,0
DA:54,0
DA:55,0
DA:56,0
DA:60,0
DA:61,0
DA:63,0
DA:64,0
DA:65,0
DA:67,0
DA:68,0
DA:69,0
DA:70,0
DA:71,0
DA:72,0
DA:73,0
DA:76,0
DA:77,0
DA:78,0
DA:82,0
DA:83,0
DA:85,0
DA:86,0
DA:87,0
DA:88,0
DA:89,0
DA:90,0
DA:91,0
DA:95,0
DA:96,0
DA:98,0
DA:102,0
DA:103,0
DA:105,0
DA:106,0
DA:108,0
DA:112,0
DA:114,0
DA:117,0
DA:118,0
DA:125,0
DA:126,0
DA:127,0
DA:129,0
DA:130,0
DA:143,0
DA:144,0
DA:147,0
DA:148,0
DA:151,0
DA:152,0
DA:155,0
DA:156,0
DA:157,0
DA:158,0
DA:159,0
DA:160,0
DA:161,0
DA:162,0
DA:163,0
DA:165,0
DA:168,0
DA:169,0
DA:170,0
DA:171,0
DA:172,0
DA:174,0
DA:175,0
DA:177,0
DA:178,0
DA:179,0
DA:183,0
DA:184,0
DA:185,0
DA:188,0
DA:189,0
DA:190,0
DA:193,0
DA:194,0
DA:197,0
DA:198,0
DA:199,0
DA:201,0
DA:202,0
DA:203,0
DA:204,0
DA:213,0
DA:214,0
DA:217,0
DA:218,0
DA:221,0
DA:222,0
DA:223,0
DA:224,0
DA:225,0
DA:226,0
DA:227,0
DA:230,0
DA:231,0
DA:232,0
DA:234,0
DA:235,0
DA:236,0
DA:238,0
DA:241,0
DA:242,0
DA:244,0
DA:245,0
DA:246,0
DA:247,0
DA:249,0
DA:250,0
DA:252,0
DA:253,0
DA:254,0
DA:258,0
DA:259,0
LF:130
LH:2
BRDA:25,1,0,2
BRDA:25,1,1,2
BRDA:25,2,0,4
BRDA:25,2,1,4
BRDA:58,3,0,0
BRDA:58,3,1,0
BRDA:59,4,0,0
BRDA:59,4,1,0
BRDA:64,5,0,0
BRDA:64,5,1,0
BRDA:70,6,0,0
BRDA:70,6,1,0
BRDA:77,7,0,0
BRDA:77,7,1,0
BRDA:79,8,0,0
BRDA:79,8,1,0
BRDA:80,9,0,0
BRDA:80,9,1,0
BRDA:81,10,0,0
BRDA:81,10,1,0
BRDA:83,11,0,0
BRDA:83,11,1,0
BRDA:89,12,0,0
BRDA:89,12,1,0
BRDA:96,13,0,0
BRDA:96,13,1,0
BRDA:108,14,0,0
BRDA:108,14,1,0
BRDA:114,15,0,0
BRDA:114,15,1,0
BRDA:116,16,0,0
BRDA:116,16,1,0
BRDA:117,17,0,0
BRDA:117,17,1,0
BRDA:135,18,0,0
BRDA:135,18,1,0
BRDA:138,19,0,0
BRDA:138,19,1,0
BRDA:166,20,0,0
BRDA:166,20,1,0
BRDA:170,21,0,0
BRDA:170,21,1,0
BRDA:171,22,0,0
BRDA:171,22,1,0
BRDA:171,23,0,0
BRDA:171,23,1,0
BRDA:193,24,0,0
BRDA:193,24,1,0
BRDA:194,25,0,0
BRDA:194,25,1,0
BRDA:204,26,0,0
BRDA:204,26,1,0
BRDA:230,27,0,0
BRDA:230,27,1,0
BRDA:232,28,0,0
BRDA:232,28,1,0
BRDA:237,29,0,0
BRDA:237,29,1,0
BRDA:242,30,0,0
BRDA:242,30,1,0
BRDA:243,31,0,0
BRDA:243,31,1,0
BRDA:243,32,0,0
BRDA:243,32,1,0
BRF:64
BRH:4
end_of_record
TN:
SF:/Users/pfricano/Sites/taskmastr/public/services/user-services.js
FN:18,_interopRequireDefault
FN:20,login
FN:33,(anonymous_3)
FN:37,(anonymous_4)
FN:42,create
FN:55,(anonymous_6)
FN:57,(anonymous_7)
FN:62,forgot
FN:73,(anonymous_9)
FN:75,(anonymous_10)
FN:80,reset
FN:92,(anonymous_12)
FN:100,(anonymous_13)
FN:105,logout
FN:109,(anonymous_15)
FN:114,getSession
FN:118,(anonymous_17)
FN:121,(anonymous_18)
FN:126,save
FN:138,(anonymous_20)
FNF:20
FNH:1
FNDA:1,_interopRequireDefault
FNDA:0,login
FNDA:0,(anonymous_3)
FNDA:0,(anonymous_4)
FNDA:0,create
FNDA:0,(anonymous_6)
FNDA:0,(anonymous_7)
FNDA:0,forgot
FNDA:0,(anonymous_9)
FNDA:0,(anonymous_10)
FNDA:0,reset
FNDA:0,(anonymous_12)
FNDA:0,(anonymous_13)
FNDA:0,logout
FNDA:0,(anonymous_15)
FNDA:0,getSession
FNDA:0,(anonymous_17)
FNDA:0,(anonymous_18)
FNDA:0,save
FNDA:0,(anonymous_20)
DA:0,1
DA:1,1
DA:2,0
DA:16,0
DA:17,0
DA:18,0
DA:21,0
DA:25,1
DA:26,0
DA:41,0
DA:45,1
DA:46,0
DA:59,0
DA:63,1
DA:64,0
DA:77,0
DA:78,0
DA:83,0
DA:86,0
DA:90,1
DA:91,0
DA:96,0
DA:100,1
DA:101,0
DA:106,0
DA:107,0
DA:110,0
DA:114,1
DA:115,0
DA:128,0
LF:30
LH:8
BRDA:18,1,0,1
BRDA:18,1,1,0
BRDA:18,2,0,1
BRDA:18,2,1,1
BRDA:34,3,0,0
BRDA:34,3,1,0
BRDA:35,4,0,0
BRDA:35,4,1,0
BRDA:93,5,0,0
BRDA:93,5,1,0
BRDA:119,6,0,0
BRDA:119,6,1,0
BRF:12
BRH:4
end_of_record
TN:
SF:/Users/pfricano/Sites/taskmastr/public/helper-utilities/default-list.js
FN:15,_interopRequireDefault
FNF:1
FNH:1
FNDA:2,_interopRequireDefault
DA:0,2
LF:1
LH:1
BRDA:15,1,0,0
BRDA:15,1,1,2
BRDA:15,2,0,2
BRDA:15,2,1,2
BRF:4
BRH:4
end_of_record
TN:
SF:/Users/pfricano/Sites/taskmastr/public/helper-utilities/map-tasks.js
FN:7,(anonymous_1)
FN:13,(anonymous_2)
FN:42,_interopRequireDefault
FNF:3
FNH:1
FNDA:0,(anonymous_1)
FNDA:0,(anonymous_2)
FNDA:3,_interopRequireDefault
DA:0,3
DA:6,0
DA:12,0
LF:3
LH:1
BRDA:9,1,0,0
BRDA:9,1,1,0
BRDA:9,1,2,0
BRDA:15,2,0,0
BRDA:15,2,1,0
BRDA:19,3,0,0
BRDA:19,3,1,0
BRDA:20,4,0,0
BRDA:20,4,1,0
BRDA:21,5,0,0
BRDA:21,5,1,0
BRDA:42,6,0,0
BRDA:42,6,1,3
BRDA:42,7,0,3
BRDA:42,7,1,3
BRF:15
BRH:4
end_of_record
TN:
SF:/Users/pfricano/Sites/taskmastr/public/store/mutations.js
FNF:0
FNH:0
DA:0,1
LF:1
LH:1
BRF:0
BRH:0
end_of_record
TN:
SF:/Users/pfricano/Sites/taskmastr/public/store/store.js
FN:27,_interopRequireDefault
FNF:1
FNH:1
FNDA:5,_interopRequireDefault
DA:0,5
DA:7,1
LF:2
LH:2
BRDA:27,1,0,4
BRDA:27,1,1,1
BRDA:27,2,0,5
BRDA:27,2,1,5
BRF:4
BRH:4
end_of_record
TN:
SF:/Users/pfricano/Sites/taskmastr/public/helper-utilities/placeholders.js
FNF:0
FNH:0
DA:0,1
LF:1
LH:1
BRF:0
BRH:0
end_of_record
